1673888819282	geckodriver	INFO	Listening on 127.0.0.1:49667
1673888819514	mozrunner::runner	INFO	Running command: "/Applications/Firefox.app/Contents/MacOS/firefox-bin" "--marionette" "--remote-debugging-port" "49668" "--remote-allow-hosts" "localhost" "-foreground" "-no-remote" "-profile" "/var/folders/tn/5j002gr96_bgsnjn3tvvltg00000gn/T/rust_mozprofilefi9pPJ"
1673888821959	Marionette	INFO	Marionette enabled
2023-01-16 14:07:01.995 plugin-container[90562:2899119] nil host used in call to allowsSpecificHTTPSCertificateForHost
2023-01-16 14:07:01.995 plugin-container[90562:2899119] nil host used in call to allowsAnyHTTPSCertificateForHost:
2023-01-16 14:07:02.097 plugin-container[90562:2899119] nil host used in call to allowsSpecificHTTPSCertificateForHost
2023-01-16 14:07:02.097 plugin-container[90562:2899119] nil host used in call to allowsAnyHTTPSCertificateForHost:
2023-01-16 14:07:02.098 plugin-container[90562:2899117] nil host used in call to allowsSpecificHTTPSCertificateForHost
2023-01-16 14:07:02.098 plugin-container[90562:2899117] nil host used in call to allowsAnyHTTPSCertificateForHost:
1673888822435	Marionette	INFO	Listening on port 49675
Read port: 49675
WebDriver BiDi listening on ws://127.0.0.1:49668
1673888822675	RemoteAgent	WARN	TLS certificate errors will be ignored for this session
console.warn: SearchSettings: "get: No settings file exists, new profile?" (new NotFoundError("Could not open the file at /var/folders/tn/5j002gr96_bgsnjn3tvvltg00000gn/T/rust_mozprofilefi9pPJ/search.json.mozlz4", (void 0)))
DevTools listening on ws://127.0.0.1:49668/devtools/browser/59e35610-eae6-40c3-a602-8825b60a5833
JavaScript error: https://media.ethicalads.io/media/client/v1.4.0/ethicalads.min.js, line 1: Error: No ad placements found.
JavaScript error: resource:///actors/FormValidationChild.sys.mjs, line 178: TypeError: this._element is null
1673889077381	Marionette	INFO	Stopped listening on port 49675
console.warn: TopSitesFeed: Failed to fetch data from Contile server: NetworkError when attempting to fetch resource.
1673890345170	geckodriver	INFO	Listening on 127.0.0.1:49840
1673890345696	mozrunner::runner	INFO	Running command: "/Applications/Firefox.app/Contents/MacOS/firefox-bin" "--marionette" "--remote-debugging-port" "49841" "--remote-allow-hosts" "localhost" "-foreground" "-no-remote" "-profile" "/var/folders/tn/5j002gr96_bgsnjn3tvvltg00000gn/T/rust_mozprofile0wPcLj"
2023-01-16 14:32:27.366 plugin-container[91880:2912669] nil host used in call to allowsSpecificHTTPSCertificateForHost
2023-01-16 14:32:27.367 plugin-container[91880:2912669] nil host used in call to allowsAnyHTTPSCertificateForHost:
2023-01-16 14:32:27.376 plugin-container[91880:2912669] nil host used in call to allowsSpecificHTTPSCertificateForHost
2023-01-16 14:32:27.376 plugin-container[91880:2912669] nil host used in call to allowsAnyHTTPSCertificateForHost:
2023-01-16 14:32:27.377 plugin-container[91880:2912682] nil host used in call to allowsSpecificHTTPSCertificateForHost
2023-01-16 14:32:27.377 plugin-container[91880:2912682] nil host used in call to allowsAnyHTTPSCertificateForHost:
1673890347439	Marionette	INFO	Marionette enabled
1673890347488	Marionette	INFO	Listening on port 49848
Read port: 49848
WebDriver BiDi listening on ws://127.0.0.1:49841
1673890347946	RemoteAgent	WARN	TLS certificate errors will be ignored for this session
console.warn: SearchSettings: "get: No settings file exists, new profile?" (new NotFoundError("Could not open the file at /var/folders/tn/5j002gr96_bgsnjn3tvvltg00000gn/T/rust_mozprofile0wPcLj/search.json.mozlz4", (void 0)))
DevTools listening on ws://127.0.0.1:49841/devtools/browser/932743fc-cafa-40c4-8ae5-304fbee1eb27
JavaScript error: https://media.ethicalads.io/media/client/v1.4.0/ethicalads.min.js, line 1: Error: No ad placements found.
JavaScript error: resource:///actors/FormValidationChild.sys.mjs, line 178: TypeError: this._element is null
1673890698478	geckodriver	INFO	Listening on 127.0.0.1:49935
1673890699006	mozrunner::runner	INFO	Running command: "/Applications/Firefox.app/Contents/MacOS/firefox-bin" "--marionette" "--remote-debugging-port" "49936" "--remote-allow-hosts" "localhost" "-foreground" "-no-remote" "-profile" "/var/folders/tn/5j002gr96_bgsnjn3tvvltg00000gn/T/rust_mozprofilegRJ6C2"
1673890700484	Marionette	INFO	Marionette enabled
1673890700555	Marionette	INFO	Listening on port 49943
2023-01-16 14:38:20.559 plugin-container[92267:2916209] nil host used in call to allowsSpecificHTTPSCertificateForHost
2023-01-16 14:38:20.563 plugin-container[92267:2916209] nil host used in call to allowsAnyHTTPSCertificateForHost:
2023-01-16 14:38:20.615 plugin-container[92267:2916209] nil host used in call to allowsSpecificHTTPSCertificateForHost
2023-01-16 14:38:20.615 plugin-container[92267:2916209] nil host used in call to allowsAnyHTTPSCertificateForHost:
2023-01-16 14:38:20.616 plugin-container[92267:2916206] nil host used in call to allowsSpecificHTTPSCertificateForHost
2023-01-16 14:38:20.616 plugin-container[92267:2916206] nil host used in call to allowsAnyHTTPSCertificateForHost:
Read port: 49943
WebDriver BiDi listening on ws://127.0.0.1:49936
1673890700980	RemoteAgent	WARN	TLS certificate errors will be ignored for this session
console.warn: SearchSettings: "get: No settings file exists, new profile?" (new NotFoundError("Could not open the file at /var/folders/tn/5j002gr96_bgsnjn3tvvltg00000gn/T/rust_mozprofilegRJ6C2/search.json.mozlz4", (void 0)))
DevTools listening on ws://127.0.0.1:49936/devtools/browser/24138392-a6a8-4e2c-87c5-fe87c1079b08
console.warn: LoginRecipes: "Falling back to a synchronous message for: https://www.google.com.br."
2023-01-16 17:38:30.679 plugin-container[92282:2916561] nil host used in call to allowsSpecificHTTPSCertificateForHost
2023-01-16 17:38:30.680 plugin-container[92282:2916561] nil host used in call to allowsAnyHTTPSCertificateForHost:
2023-01-16 17:38:30.688 plugin-container[92282:2916561] nil host used in call to allowsSpecificHTTPSCertificateForHost
2023-01-16 17:38:30.688 plugin-container[92282:2916561] nil host used in call to allowsAnyHTTPSCertificateForHost:
2023-01-16 17:38:30.689 plugin-container[92282:2916578] nil host used in call to allowsSpecificHTTPSCertificateForHost
2023-01-16 17:38:30.689 plugin-container[92282:2916578] nil host used in call to allowsAnyHTTPSCertificateForHost:
1673890723419	geckodriver	INFO	Listening on 127.0.0.1:50014
1673890723939	mozrunner::runner	INFO	Running command: "/Applications/Firefox.app/Contents/MacOS/firefox-bin" "--marionette" "--remote-debugging-port" "50015" "--remote-allow-hosts" "localhost" "-foreground" "-no-remote" "-profile" "/var/folders/tn/5j002gr96_bgsnjn3tvvltg00000gn/T/rust_mozprofileeK0sVX"
1673890725162	Marionette	INFO	Marionette enabled
2023-01-16 14:38:45.165 plugin-container[92302:2916861] nil host used in call to allowsSpecificHTTPSCertificateForHost
2023-01-16 14:38:45.169 plugin-container[92302:2916861] nil host used in call to allowsAnyHTTPSCertificateForHost:
2023-01-16 14:38:45.184 plugin-container[92302:2916861] nil host used in call to allowsSpecificHTTPSCertificateForHost
2023-01-16 14:38:45.187 plugin-container[92302:2916861] nil host used in call to allowsAnyHTTPSCertificateForHost:
2023-01-16 14:38:45.188 plugin-container[92302:2916881] nil host used in call to allowsSpecificHTTPSCertificateForHost
2023-01-16 14:38:45.193 plugin-container[92302:2916881] nil host used in call to allowsAnyHTTPSCertificateForHost:
1673890725256	Marionette	INFO	Listening on port 50022
Read port: 50022
WebDriver BiDi listening on ws://127.0.0.1:50015
1673890725819	RemoteAgent	WARN	TLS certificate errors will be ignored for this session
console.warn: SearchSettings: "get: No settings file exists, new profile?" (new NotFoundError("Could not open the file at /var/folders/tn/5j002gr96_bgsnjn3tvvltg00000gn/T/rust_mozprofileeK0sVX/search.json.mozlz4", (void 0)))
DevTools listening on ws://127.0.0.1:50015/devtools/browser/d9ccaf83-fb55-46e4-93a7-6ea0ea895fda
console.warn: LoginRecipes: "Falling back to a synchronous message for: https://www.google.com.br."
console.warn: LoginRecipes: "Falling back to a synchronous message for: https://www.google.com.br."
console.error: (new TypeError("topBrowsingContext is null", "resource://devtools/server/actors/watcher/browsing-context-helpers.sys.mjs", 387))
Handler function threw an exception: TypeError: browsingContext.currentWindowGlobal is null
Stack: isChannelFromSystemPrincipal@resource://devtools/shared/network-observer/NetworkUtils.sys.mjs:93:1
createNetworkEvent@resource://devtools/shared/network-observer/NetworkUtils.sys.mjs:182:33
#createNetworkEvent@resource://devtools/shared/network-observer/NetworkObserver.sys.mjs:707:37
#onRequestHeader@resource://devtools/shared/network-observer/NetworkObserver.sys.mjs:757:29
@resource://devtools/shared/network-observer/NetworkObserver.sys.mjs:634:28
makeInfallible/<@resource://devtools/shared/DevToolsInfaillibleUtils.sys.mjs:43:22
Line: 93, column: 1
console.error: (new TypeError("browsingContext.currentWindowGlobal is null", "resource://devtools/shared/network-observer/NetworkUtils.sys.mjs", 93))
Handler function threw an exception: TypeError: browsingContext.currentWindowGlobal is null
Stack: isChannelFromSystemPrincipal@resource://devtools/shared/network-observer/NetworkUtils.sys.mjs:93:1
createNetworkEvent@resource://devtools/shared/network-observer/NetworkUtils.sys.mjs:182:33
#createNetworkEvent@resource://devtools/shared/network-observer/NetworkObserver.sys.mjs:707:37
#onRequestHeader@resource://devtools/shared/network-observer/NetworkObserver.sys.mjs:757:29
@resource://devtools/shared/network-observer/NetworkObserver.sys.mjs:634:28
makeInfallible/<@resource://devtools/shared/DevToolsInfaillibleUtils.sys.mjs:43:22
Line: 93, column: 1
console.error: (new TypeError("browsingContext.currentWindowGlobal is null", "resource://devtools/shared/network-observer/NetworkUtils.sys.mjs", 93))
Handler function threw an exception: TypeError: httpActivity.owner is null
Stack: #onResponseHeader@resource://devtools/shared/network-observer/NetworkObserver.sys.mjs:1019:5
#dispatchActivity@resource://devtools/shared/network-observer/NetworkObserver.sys.mjs:555:31
@resource://devtools/shared/network-observer/NetworkObserver.sys.mjs:664:29
makeInfallible/<@resource://devtools/shared/DevToolsInfaillibleUtils.sys.mjs:43:22
Line: 1019, column: 5
console.error: (new TypeError("httpActivity.owner is null", "resource://devtools/shared/network-observer/NetworkObserver.sys.mjs", 1019))
Handler function threw an exception: TypeError: browsingContext.currentWindowGlobal is null
Stack: isChannelFromSystemPrincipal@resource://devtools/shared/network-observer/NetworkUtils.sys.mjs:93:1
createNetworkEvent@resource://devtools/shared/network-observer/NetworkUtils.sys.mjs:182:33
#createNetworkEvent@resource://devtools/shared/network-observer/NetworkObserver.sys.mjs:707:37
@resource://devtools/shared/network-observer/NetworkObserver.sys.mjs:340:35
makeInfallible/<@resource://devtools/shared/DevToolsInfaillibleUtils.sys.mjs:43:22
Line: 93, column: 1
console.error: (new TypeError("browsingContext.currentWindowGlobal is null", "resource://devtools/shared/network-observer/NetworkUtils.sys.mjs", 93))
Handler function threw an exception: TypeError: httpActivity.owner is null
Stack: #onResponseHeader@resource://devtools/shared/network-observer/NetworkObserver.sys.mjs:1019:5
#dispatchActivity@resource://devtools/shared/network-observer/NetworkObserver.sys.mjs:555:31
@resource://devtools/shared/network-observer/NetworkObserver.sys.mjs:664:29
makeInfallible/<@resource://devtools/shared/DevToolsInfaillibleUtils.sys.mjs:43:22
Line: 1019, column: 5
console.error: (new TypeError("httpActivity.owner is null", "resource://devtools/shared/network-observer/NetworkObserver.sys.mjs", 1019))
Handler function threw an exception: TypeError: browsingContext.currentWindowGlobal is null
Stack: isChannelFromSystemPrincipal@resource://devtools/shared/network-observer/NetworkUtils.sys.mjs:93:1
createNetworkEvent@resource://devtools/shared/network-observer/NetworkUtils.sys.mjs:182:33
#createNetworkEvent@resource://devtools/shared/network-observer/NetworkObserver.sys.mjs:707:37
@resource://devtools/shared/network-observer/NetworkObserver.sys.mjs:340:35
makeInfallible/<@resource://devtools/shared/DevToolsInfaillibleUtils.sys.mjs:43:22
Line: 93, column: 1
console.error: (new TypeError("browsingContext.currentWindowGlobal is null", "resource://devtools/shared/network-observer/NetworkUtils.sys.mjs", 93))
1673891097447	geckodriver	INFO	Listening on 127.0.0.1:50121
1673891097966	mozrunner::runner	INFO	Running command: "/Applications/Firefox.app/Contents/MacOS/firefox-bin" "--marionette" "--remote-debugging-port" "50122" "--remote-allow-hosts" "localhost" "-foreground" "-no-remote" "-profile" "/var/folders/tn/5j002gr96_bgsnjn3tvvltg00000gn/T/rust_mozprofilelnTYr4"
1673891099866	Marionette	INFO	Marionette enabled
2023-01-16 14:44:59.866 plugin-container[92655:2920669] nil host used in call to allowsSpecificHTTPSCertificateForHost
2023-01-16 14:44:59.867 plugin-container[92655:2920669] nil host used in call to allowsAnyHTTPSCertificateForHost:
1673891099940	Marionette	INFO	Listening on port 50129
Read port: 50129
2023-01-16 14:45:00.035 plugin-container[92655:2920669] nil host used in call to allowsSpecificHTTPSCertificateForHost
2023-01-16 14:45:00.035 plugin-container[92655:2920669] nil host used in call to allowsAnyHTTPSCertificateForHost:
2023-01-16 14:45:00.035 plugin-container[92655:2920667] nil host used in call to allowsSpecificHTTPSCertificateForHost
2023-01-16 14:45:00.035 plugin-container[92655:2920667] nil host used in call to allowsAnyHTTPSCertificateForHost:
WebDriver BiDi listening on ws://127.0.0.1:50122
1673891100393	RemoteAgent	WARN	TLS certificate errors will be ignored for this session
console.warn: SearchSettings: "get: No settings file exists, new profile?" (new NotFoundError("Could not open the file at /var/folders/tn/5j002gr96_bgsnjn3tvvltg00000gn/T/rust_mozprofilelnTYr4/search.json.mozlz4", (void 0)))
DevTools listening on ws://127.0.0.1:50122/devtools/browser/b0d6753f-f4bd-4147-a9f2-ce64bbce6243
JavaScript warning: https://books.toscrape.com/static/oscar/js/jquery/jquery-1.9.1.min.js, line 2: Using //@ to indicate sourceMappingURL pragmas is deprecated. Use //# instead
JavaScript warning: https://books.toscrape.com/static/oscar/js/jquery/jquery-1.9.1.min.js, line 2: Using //@ to indicate sourceMappingURL pragmas is deprecated. Use //# instead
1673891120281	Marionette	INFO	Stopped listening on port 49848
console.warn: TopSitesFeed: Failed to fetch data from Contile server: NetworkError when attempting to fetch resource.
1673891121767	Marionette	INFO	Stopped listening on port 49943
console.warn: TopSitesFeed: Failed to fetch data from Contile server: NetworkError when attempting to fetch resource.
1673891123846	Marionette	INFO	Stopped listening on port 50022
console.warn: TopSitesFeed: Failed to fetch data from Contile server: NetworkError when attempting to fetch resource.
1673891125413	Marionette	INFO	Stopped listening on port 50129
console.warn: TopSitesFeed: Failed to fetch data from Contile server: NetworkError when attempting to fetch resource.
WARNING: A blocker encountered an error while we were waiting.
          Blocker:  Waiting for ping task
          Phase: TelemetryController: Waiting for pending ping activity
          State: (none)
WARNING: Error: Phase "profile-before-change" is finished, it is too late to register completion condition "OS.File: flush I/O queued before profileBeforeChange"
WARNING: addBlocker@resource://gre/modules/AsyncShutdown.jsm:703:15
addBlocker@resource://gre/modules/AsyncShutdown.jsm:511:26
addBlocker@resource://gre/modules/AsyncShutdown.jsm:450:15
setupShutdown@resource://gre/modules/osfile/osfile_async_front.jsm:1563:28
@resource://gre/modules/osfile/osfile_async_front.jsm:1583:16
@resource://gre/modules/osfile.jsm:12:30
@resource://gre/modules/TelemetryStorage.jsm:19:28
promiseArchivePing@resource://gre/modules/TelemetryArchive.jsm:103:5
promiseArchivePing@resource://gre/modules/TelemetryArchive.jsm:63:33
_submitPingLogic@resource://gre/modules/TelemetryControllerParent.jsm:540:48
send@resource://gre/modules/TelemetryControllerParent.jsm:628:24
submitExternalPing@resource://gre/modules/TelemetryControllerParent.jsm:182:17
sendPing@resource://gre/modules/EventPing.jsm:51:30
_submitPing@resource://gre/modules/EventPing.jsm:229:12
shutdown@resource://gre/modules/EventPing.jsm:112:10
_cleanupOnShutdown@resource://gre/modules/TelemetryControllerParent.jsm:940:31
shutdown/<@resource://gre/modules/TelemetryControllerParent.jsm:1010:24
observe@resource://gre/modules/AsyncShutdown.jsm:560:16

WARNING: A blocker encountered an error while we were waiting.
          Blocker:  Waiting for ping task
          Phase: TelemetryController: Waiting for pending ping activity
          State: (none)
WARNING: Error: Phase "profile-before-change" is finished, it is too late to register completion condition "OS.File: flush I/O queued before profileBeforeChange"
WARNING: addBlocker@resource://gre/modules/AsyncShutdown.jsm:703:15
addBlocker@resource://gre/modules/AsyncShutdown.jsm:511:26
addBlocker@resource://gre/modules/AsyncShutdown.jsm:450:15
setupShutdown@resource://gre/modules/osfile/osfile_async_front.jsm:1563:28
@resource://gre/modules/osfile/osfile_async_front.jsm:1583:16
@resource://gre/modules/osfile.jsm:12:30
@resource://gre/modules/TelemetryStorage.jsm:19:28
promiseArchivePing@resource://gre/modules/TelemetryArchive.jsm:103:5
promiseArchivePing@resource://gre/modules/TelemetryArchive.jsm:63:33
_submitPingLogic@resource://gre/modules/TelemetryControllerParent.jsm:540:48
send@resource://gre/modules/TelemetryControllerParent.jsm:628:24
submitExternalPing@resource://gre/modules/TelemetryControllerParent.jsm:182:17
saveShutdownPings@resource://gre/modules/TelemetrySession.jsm:982:34
shutdownChromeProcess/cleanup/<@resource://gre/modules/TelemetrySession.jsm:1232:20
cleanup@resource://gre/modules/TelemetrySession.jsm:1239:9
shutdownChromeProcess@resource://gre/modules/TelemetrySession.jsm:1256:14
shutdown@resource://gre/modules/TelemetrySession.jsm:247:17
_cleanupOnShutdown@resource://gre/modules/TelemetryControllerParent.jsm:959:35
observe@resource://gre/modules/AsyncShutdown.jsm:560:16

WARNING: A blocker encountered an error while we were waiting.
          Blocker:  Waiting for ping task
          Phase: TelemetryController: Waiting for pending ping activity
          State: (none)
WARNING: Error: Phase "profile-before-change" is finished, it is too late to register completion condition "OS.File: flush I/O queued before profileBeforeChange"
WARNING: addBlocker@resource://gre/modules/AsyncShutdown.jsm:703:15
addBlocker@resource://gre/modules/AsyncShutdown.jsm:511:26
addBlocker@resource://gre/modules/AsyncShutdown.jsm:450:15
setupShutdown@resource://gre/modules/osfile/osfile_async_front.jsm:1563:28
@resource://gre/modules/osfile/osfile_async_front.jsm:1583:16
@resource://gre/modules/osfile.jsm:12:30
@resource://gre/modules/TelemetryStorage.jsm:19:28
promiseArchivePing@resource://gre/modules/TelemetryArchive.jsm:103:5
promiseArchivePing@resource://gre/modules/TelemetryArchive.jsm:63:33
_submitPingLogic@resource://gre/modules/TelemetryControllerParent.jsm:540:48
send@resource://gre/modules/TelemetryControllerParent.jsm:628:24
submitExternalPing@resource://gre/modules/TelemetryControllerParent.jsm:182:17
saveShutdownPings@resource://gre/modules/TelemetrySession.jsm:1014:36
shutdownChromeProcess/cleanup/<@resource://gre/modules/TelemetrySession.jsm:1232:20
cleanup@resource://gre/modules/TelemetrySession.jsm:1239:9
shutdownChromeProcess@resource://gre/modules/TelemetrySession.jsm:1256:14
shutdown@resource://gre/modules/TelemetrySession.jsm:247:17
_cleanupOnShutdown@resource://gre/modules/TelemetryControllerParent.jsm:959:35
observe@resource://gre/modules/AsyncShutdown.jsm:560:16

WARNING: A blocker encountered an error while we were waiting.
          Blocker:  TelemetryController: shutting down
          Phase: profile-before-change-telemetry
          State: Error getting state: Error: Phase "profile-before-change" is finished, it is too late to register completion condition "OS.File: flush I/O queued before profileBeforeChange" at addBlocker@resource://gre/modules/AsyncShutdown.jsm:703:15
addBlocker@resource://gre/modules/AsyncShutdown.jsm:511:26
addBlocker@resource://gre/modules/AsyncShutdown.jsm:450:15
setupShutdown@resource://gre/modules/osfile/osfile_async_front.jsm:1563:28
@resource://gre/modules/osfile/osfile_async_front.jsm:1583:16
@resource://gre/modules/osfile.jsm:12:30
@resource://gre/modules/TelemetryStorage.jsm:19:28
getShutdownState@resource://gre/modules/TelemetrySend.jsm:1687:7
getShutdownState@resource://gre/modules/TelemetrySend.jsm:369:30
_getState@resource://gre/modules/TelemetryControllerParent.jsm:1058:38
setupTelemetry/<@resource://gre/modules/TelemetryControllerParent.jsm:917:18
safeGetState@resource://gre/modules/AsyncShutdown.jsm:242:17
Barrier/addBlocker/promise<@resource://gre/modules/AsyncShutdown.jsm:751:20
observe@resource://gre/modules/AsyncShutdown.jsm:560:16

WARNING: Error: Phase "profile-before-change" is finished, it is too late to register completion condition "OS.File: flush I/O queued before profileBeforeChange"
WARNING: addBlocker@resource://gre/modules/AsyncShutdown.jsm:703:15
addBlocker@resource://gre/modules/AsyncShutdown.jsm:511:26
addBlocker@resource://gre/modules/AsyncShutdown.jsm:450:15
setupShutdown@resource://gre/modules/osfile/osfile_async_front.jsm:1563:28
@resource://gre/modules/osfile/osfile_async_front.jsm:1583:16
@resource://gre/modules/osfile.jsm:12:30
@resource://gre/modules/TelemetryStorage.jsm:19:28
removeAbortedSessionPing@resource://gre/modules/TelemetryControllerParent.jsm:721:5
removeAbortedSessionPing@resource://gre/modules/TelemetryControllerParent.jsm:249:17
shutdownChromeProcess/cleanup/<@resource://gre/modules/TelemetrySession.jsm:1235:42
observe@resource://gre/modules/AsyncShutdown.jsm:560:16

JavaScript error: resource://gre/modules/AsyncShutdown.jsm, line 703: Error: Phase "profile-before-change" is finished, it is too late to register completion condition "OS.File: flush I/O queued before profileBeforeChange"
JavaScript error: resource://gre/modules/AsyncShutdown.jsm, line 703: Error: Phase "profile-before-change" is finished, it is too late to register completion condition "OS.File: flush I/O queued before profileBeforeChange"
JavaScript error: resource://gre/modules/AsyncShutdown.jsm, line 703: Error: Phase "profile-before-change" is finished, it is too late to register completion condition "OS.File: flush I/O queued before profileBeforeChange"
JavaScript error: resource://gre/modules/AsyncShutdown.jsm, line 703: Error: Phase "profile-before-change" is finished, it is too late to register completion condition "OS.File: flush I/O queued before profileBeforeChange"
JavaScript error: resource://gre/modules/AsyncShutdown.jsm, line 703: Error: Phase "profile-before-change" is finished, it is too late to register completion condition "OS.File: flush I/O queued before profileBeforeChange"
JavaScript error: resource://gre/modules/AsyncShutdown.jsm, line 703: Error: Phase "profile-before-change" is finished, it is too late to register completion condition "OS.File: flush I/O queued before profileBeforeChange"
1673891337213	geckodriver	INFO	Listening on 127.0.0.1:50191
1673891337739	mozrunner::runner	INFO	Running command: "/Applications/Firefox.app/Contents/MacOS/firefox-bin" "--marionette" "--remote-debugging-port" "50192" "--remote-allow-hosts" "localhost" "-foreground" "-no-remote" "-profile" "/var/folders/tn/5j002gr96_bgsnjn3tvvltg00000gn/T/rust_mozprofileqzRHin"
1673891339412	Marionette	INFO	Marionette enabled
2023-01-16 14:48:59.449 plugin-container[92911:2923632] nil host used in call to allowsSpecificHTTPSCertificateForHost
2023-01-16 14:48:59.449 plugin-container[92911:2923632] nil host used in call to allowsAnyHTTPSCertificateForHost:
1673891339490	Marionette	INFO	Listening on port 50199
Read port: 50199
2023-01-16 14:48:59.640 plugin-container[92911:2923632] nil host used in call to allowsSpecificHTTPSCertificateForHost
2023-01-16 14:48:59.640 plugin-container[92911:2923632] nil host used in call to allowsAnyHTTPSCertificateForHost:
2023-01-16 14:48:59.641 plugin-container[92911:2923640] nil host used in call to allowsSpecificHTTPSCertificateForHost
2023-01-16 14:48:59.641 plugin-container[92911:2923640] nil host used in call to allowsAnyHTTPSCertificateForHost:
WebDriver BiDi listening on ws://127.0.0.1:50192
1673891339911	RemoteAgent	WARN	TLS certificate errors will be ignored for this session
console.warn: SearchSettings: "get: No settings file exists, new profile?" (new NotFoundError("Could not open the file at /var/folders/tn/5j002gr96_bgsnjn3tvvltg00000gn/T/rust_mozprofileqzRHin/search.json.mozlz4", (void 0)))
DevTools listening on ws://127.0.0.1:50192/devtools/browser/654cce90-8ae6-4796-959b-ffc7824c4a36
JavaScript warning: https://books.toscrape.com/static/oscar/js/jquery/jquery-1.9.1.min.js, line 2: Using //@ to indicate sourceMappingURL pragmas is deprecated. Use //# instead
JavaScript warning: https://books.toscrape.com/static/oscar/js/jquery/jquery-1.9.1.min.js, line 2: Using //@ to indicate sourceMappingURL pragmas is deprecated. Use //# instead
JavaScript warning: https://books.toscrape.com/static/oscar/js/jquery/jquery-1.9.1.min.js, line 2: Using //@ to indicate sourceMappingURL pragmas is deprecated. Use //# instead
JavaScript warning: https://books.toscrape.com/static/oscar/js/jquery/jquery-1.9.1.min.js, line 2: Using //@ to indicate sourceMappingURL pragmas is deprecated. Use //# instead
Exiting due to channel error.
Exiting due to channel error.
Exiting due to channel error.
